<?xml version="1.0" encoding="UTF-8"?>
<!-- Generated by org.testng.reporters.JUnitReportReporter -->
<testsuite hostname="Nandini_PC" failures="0" tests="1" name="JavaConcepts.PS1" time="0.009" errors="0" timestamp="2023-03-16T22:13:49 GMT" skipped="0">
  <testcase classname="JavaConcepts.PS1" name="callMethodofPSclass" time="0.009"/>
  <system-out/>
</testsuite> <!-- JavaConcepts.PS1 -->
